{"/home/arligle/oks/oksai.cc/libs/auth/nestjs-better-auth/src/auth-guard.ts": {"path":"/home/arligle/oks/oksai.cc/libs/auth/nestjs-better-auth/src/auth-guard.ts","statementMap":{"0":{"start":{"line":16,"column":2},"end":{"line":22,"column":null}},"1":{"start":{"line":17,"column":4},"end":{"line":21,"column":null}},"2":{"start":{"line":18,"column":6},"end":{"line":18,"column":null}},"3":{"start":{"line":20,"column":6},"end":{"line":20,"column":null}},"4":{"start":{"line":23,"column":2},"end":{"line":23,"column":null}},"5":{"start":{"line":41,"column":22},"end":{"line":44,"column":null}},"6":{"start":{"line":52,"column":2},"end":{"line":60,"column":null}},"7":{"start":{"line":53,"column":4},"end":{"line":59,"column":null}},"8":{"start":{"line":54,"column":6},"end":{"line":54,"column":null}},"9":{"start":{"line":56,"column":6},"end":{"line":58,"column":null}},"10":{"start":{"line":61,"column":2},"end":{"line":61,"column":null}},"11":{"start":{"line":67,"column":4},"end":{"line":128,"column":null}},"12":{"start":{"line":70,"column":6},"end":{"line":75,"column":null}},"13":{"start":{"line":77,"column":6},"end":{"line":82,"column":null}},"14":{"start":{"line":86,"column":27},"end":{"line":86,"column":null}},"15":{"start":{"line":87,"column":6},"end":{"line":95,"column":null}},"16":{"start":{"line":88,"column":8},"end":{"line":88,"column":null}},"17":{"start":{"line":89,"column":6},"end":{"line":95,"column":null}},"18":{"start":{"line":90,"column":8},"end":{"line":94,"column":null}},"19":{"start":{"line":97,"column":6},"end":{"line":97,"column":null}},"20":{"start":{"line":100,"column":27},"end":{"line":100,"column":null}},"21":{"start":{"line":101,"column":6},"end":{"line":109,"column":null}},"22":{"start":{"line":102,"column":8},"end":{"line":102,"column":null}},"23":{"start":{"line":103,"column":6},"end":{"line":109,"column":null}},"24":{"start":{"line":104,"column":8},"end":{"line":108,"column":null}},"25":{"start":{"line":111,"column":6},"end":{"line":111,"column":null}},"26":{"start":{"line":116,"column":31},"end":{"line":116,"column":null}},"27":{"start":{"line":117,"column":6},"end":{"line":117,"column":null}},"28":{"start":{"line":120,"column":31},"end":{"line":120,"column":null}},"29":{"start":{"line":121,"column":6},"end":{"line":121,"column":null}},"30":{"start":{"line":125,"column":24},"end":{"line":125,"column":null}},"31":{"start":{"line":126,"column":21},"end":{"line":126,"column":null}},"32":{"start":{"line":135,"column":7},"end":{"line":290,"column":null}},"33":{"start":{"line":138,"column":21},"end":{"line":138,"column":null}},"34":{"start":{"line":140,"column":21},"end":{"line":140,"column":null}},"35":{"start":{"line":151,"column":10},"end":{"line":151,"column":null}},"36":{"start":{"line":152,"column":40},"end":{"line":154,"column":null}},"37":{"start":{"line":156,"column":4},"end":{"line":156,"column":null}},"38":{"start":{"line":157,"column":4},"end":{"line":157,"column":null}},"39":{"start":{"line":159,"column":21},"end":{"line":162,"column":null}},"40":{"start":{"line":164,"column":4},"end":{"line":164,"column":null}},"41":{"start":{"line":164,"column":18},"end":{"line":164,"column":null}},"42":{"start":{"line":166,"column":23},"end":{"line":169,"column":null}},"43":{"start":{"line":171,"column":4},"end":{"line":171,"column":null}},"44":{"start":{"line":171,"column":32},"end":{"line":171,"column":null}},"45":{"start":{"line":173,"column":20},"end":{"line":173,"column":null}},"46":{"start":{"line":174,"column":4},"end":{"line":174,"column":null}},"47":{"start":{"line":174,"column":18},"end":{"line":174,"column":null}},"48":{"start":{"line":176,"column":10},"end":{"line":176,"column":null}},"49":{"start":{"line":179,"column":26},"end":{"line":182,"column":null}},"50":{"start":{"line":184,"column":4},"end":{"line":187,"column":null}},"51":{"start":{"line":185,"column":22},"end":{"line":185,"column":null}},"52":{"start":{"line":186,"column":6},"end":{"line":186,"column":null}},"53":{"start":{"line":186,"column":20},"end":{"line":186,"column":null}},"54":{"start":{"line":190,"column":29},"end":{"line":193,"column":null}},"55":{"start":{"line":195,"column":4},"end":{"line":198,"column":null}},"56":{"start":{"line":196,"column":25},"end":{"line":196,"column":null}},"57":{"start":{"line":197,"column":6},"end":{"line":197,"column":null}},"58":{"start":{"line":197,"column":23},"end":{"line":197,"column":null}},"59":{"start":{"line":200,"column":4},"end":{"line":200,"column":null}},"60":{"start":{"line":211,"column":4},"end":{"line":211,"column":null}},"61":{"start":{"line":211,"column":15},"end":{"line":211,"column":null}},"62":{"start":{"line":213,"column":4},"end":{"line":215,"column":null}},"63":{"start":{"line":214,"column":6},"end":{"line":214,"column":null}},"64":{"start":{"line":214,"column":30},"end":{"line":214,"column":55}},"65":{"start":{"line":217,"column":4},"end":{"line":219,"column":null}},"66":{"start":{"line":218,"column":6},"end":{"line":218,"column":null}},"67":{"start":{"line":218,"column":41},"end":{"line":218,"column":73}},"68":{"start":{"line":221,"column":4},"end":{"line":221,"column":null}},"69":{"start":{"line":233,"column":20},"end":{"line":233,"column":null}},"70":{"start":{"line":236,"column":4},"end":{"line":239,"column":null}},"71":{"start":{"line":237,"column":21},"end":{"line":237,"column":null}},"72":{"start":{"line":238,"column":6},"end":{"line":238,"column":null}},"73":{"start":{"line":242,"column":4},"end":{"line":245,"column":null}},"74":{"start":{"line":243,"column":21},"end":{"line":243,"column":null}},"75":{"start":{"line":244,"column":6},"end":{"line":244,"column":null}},"76":{"start":{"line":247,"column":4},"end":{"line":247,"column":null}},"77":{"start":{"line":258,"column":4},"end":{"line":258,"column":null}},"78":{"start":{"line":275,"column":24},"end":{"line":275,"column":null}},"79":{"start":{"line":276,"column":4},"end":{"line":278,"column":null}},"80":{"start":{"line":277,"column":6},"end":{"line":277,"column":null}},"81":{"start":{"line":280,"column":4},"end":{"line":288,"column":null}},"82":{"start":{"line":281,"column":25},"end":{"line":281,"column":null}},"83":{"start":{"line":282,"column":6},"end":{"line":282,"column":null}},"84":{"start":{"line":286,"column":6},"end":{"line":286,"column":null}},"85":{"start":{"line":287,"column":6},"end":{"line":287,"column":null}},"86":{"start":{"line":135,"column":13},"end":{"line":135,"column":46}}},"fnMap":{"0":{"name":"getGraphQLError","decl":{"start":{"line":15,"column":9},"end":{"line":15,"column":27}},"loc":{"start":{"line":15,"column":27},"end":{"line":24,"column":null}},"line":15},"1":{"name":"getWsException","decl":{"start":{"line":51,"column":9},"end":{"line":51,"column":26}},"loc":{"start":{"line":51,"column":26},"end":{"line":62,"column":null}},"line":51},"2":{"name":"(anonymous_2)","decl":{"start":{"line":69,"column":18},"end":{"line":69,"column":19}},"loc":{"start":{"line":70,"column":6},"end":{"line":75,"column":null}},"line":70},"3":{"name":"(anonymous_3)","decl":{"start":{"line":76,"column":15},"end":{"line":76,"column":16}},"loc":{"start":{"line":77,"column":6},"end":{"line":82,"column":null}},"line":77},"4":{"name":"(anonymous_4)","decl":{"start":{"line":85,"column":18},"end":{"line":85,"column":19}},"loc":{"start":{"line":85,"column":28},"end":{"line":98,"column":null}},"line":85},"5":{"name":"(anonymous_5)","decl":{"start":{"line":99,"column":15},"end":{"line":99,"column":16}},"loc":{"start":{"line":99,"column":25},"end":{"line":112,"column":null}},"line":99},"6":{"name":"(anonymous_6)","decl":{"start":{"line":115,"column":18},"end":{"line":115,"column":19}},"loc":{"start":{"line":115,"column":28},"end":{"line":118,"column":null}},"line":115},"7":{"name":"(anonymous_7)","decl":{"start":{"line":119,"column":15},"end":{"line":119,"column":16}},"loc":{"start":{"line":119,"column":25},"end":{"line":122,"column":null}},"line":119},"8":{"name":"(anonymous_8)","decl":{"start":{"line":125,"column":18},"end":{"line":125,"column":24}},"loc":{"start":{"line":125,"column":24},"end":{"line":125,"column":null}},"line":125},"9":{"name":"(anonymous_9)","decl":{"start":{"line":126,"column":15},"end":{"line":126,"column":21}},"loc":{"start":{"line":126,"column":21},"end":{"line":126,"column":null}},"line":126},"10":{"name":"(anonymous_10)","decl":{"start":{"line":136,"column":2},"end":{"line":136,"column":null}},"loc":{"start":{"line":141,"column":4},"end":{"line":141,"column":null}},"line":141},"11":{"name":"(anonymous_11)","decl":{"start":{"line":150,"column":8},"end":{"line":150,"column":20}},"loc":{"start":{"line":150,"column":65},"end":{"line":201,"column":null}},"line":150},"12":{"name":"(anonymous_12)","decl":{"start":{"line":210,"column":10},"end":{"line":210,"column":30}},"loc":{"start":{"line":210,"column":101},"end":{"line":222,"column":null}},"line":210},"13":{"name":"(anonymous_13)","decl":{"start":{"line":214,"column":23},"end":{"line":214,"column":24}},"loc":{"start":{"line":214,"column":30},"end":{"line":214,"column":55}},"line":214},"14":{"name":"(anonymous_14)","decl":{"start":{"line":218,"column":34},"end":{"line":218,"column":35}},"loc":{"start":{"line":218,"column":41},"end":{"line":218,"column":73}},"line":218},"15":{"name":"(anonymous_15)","decl":{"start":{"line":230,"column":16},"end":{"line":230,"column":44}},"loc":{"start":{"line":230,"column":91},"end":{"line":248,"column":null}},"line":230},"16":{"name":"(anonymous_16)","decl":{"start":{"line":257,"column":10},"end":{"line":257,"column":24}},"loc":{"start":{"line":257,"column":80},"end":{"line":259,"column":null}},"line":257},"17":{"name":"(anonymous_17)","decl":{"start":{"line":270,"column":16},"end":{"line":270,"column":null}},"loc":{"start":{"line":274,"column":22},"end":{"line":289,"column":null}},"line":274}},"branchMap":{"0":{"loc":{"start":{"line":16,"column":2},"end":{"line":22,"column":null}},"type":"if","locations":[{"start":{"line":16,"column":2},"end":{"line":22,"column":null}},{"start":{},"end":{}}],"line":16},"1":{"loc":{"start":{"line":52,"column":2},"end":{"line":60,"column":null}},"type":"if","locations":[{"start":{"line":52,"column":2},"end":{"line":60,"column":null}},{"start":{},"end":{}}],"line":52},"2":{"loc":{"start":{"line":71,"column":8},"end":{"line":74,"column":null}},"type":"binary-expr","locations":[{"start":{"line":71,"column":8},"end":{"line":71,"column":16}},{"start":{"line":71,"column":16},"end":{"line":74,"column":null}}],"line":71},"3":{"loc":{"start":{"line":78,"column":8},"end":{"line":81,"column":null}},"type":"binary-expr","locations":[{"start":{"line":78,"column":8},"end":{"line":78,"column":16}},{"start":{"line":78,"column":16},"end":{"line":81,"column":null}}],"line":78},"4":{"loc":{"start":{"line":87,"column":6},"end":{"line":95,"column":null}},"type":"if","locations":[{"start":{"line":87,"column":6},"end":{"line":95,"column":null}},{"start":{"line":89,"column":6},"end":{"line":95,"column":null}}],"line":87},"5":{"loc":{"start":{"line":89,"column":6},"end":{"line":95,"column":null}},"type":"if","locations":[{"start":{"line":89,"column":6},"end":{"line":95,"column":null}},{"start":{},"end":{}}],"line":89},"6":{"loc":{"start":{"line":92,"column":11},"end":{"line":92,"column":null}},"type":"binary-expr","locations":[{"start":{"line":92,"column":11},"end":{"line":92,"column":36}},{"start":{"line":92,"column":36},"end":{"line":92,"column":null}}],"line":92},"7":{"loc":{"start":{"line":101,"column":6},"end":{"line":109,"column":null}},"type":"if","locations":[{"start":{"line":101,"column":6},"end":{"line":109,"column":null}},{"start":{"line":103,"column":6},"end":{"line":109,"column":null}}],"line":101},"8":{"loc":{"start":{"line":103,"column":6},"end":{"line":109,"column":null}},"type":"if","locations":[{"start":{"line":103,"column":6},"end":{"line":109,"column":null}},{"start":{},"end":{}}],"line":103},"9":{"loc":{"start":{"line":106,"column":11},"end":{"line":106,"column":null}},"type":"binary-expr","locations":[{"start":{"line":106,"column":11},"end":{"line":106,"column":36}},{"start":{"line":106,"column":36},"end":{"line":106,"column":null}}],"line":106},"10":{"loc":{"start":{"line":117,"column":34},"end":{"line":117,"column":56}},"type":"binary-expr","locations":[{"start":{"line":117,"column":34},"end":{"line":117,"column":42}},{"start":{"line":117,"column":42},"end":{"line":117,"column":56}}],"line":117},"11":{"loc":{"start":{"line":121,"column":34},"end":{"line":121,"column":53}},"type":"binary-expr","locations":[{"start":{"line":121,"column":34},"end":{"line":121,"column":42}},{"start":{"line":121,"column":42},"end":{"line":121,"column":53}}],"line":121},"12":{"loc":{"start":{"line":153,"column":31},"end":{"line":153,"column":83}},"type":"binary-expr","locations":[{"start":{"line":153,"column":31},"end":{"line":153,"column":50}},{"start":{"line":153,"column":50},"end":{"line":153,"column":81}},{"start":{"line":153,"column":81},"end":{"line":153,"column":83}}],"line":153},"13":{"loc":{"start":{"line":157,"column":19},"end":{"line":157,"column":null}},"type":"binary-expr","locations":[{"start":{"line":157,"column":19},"end":{"line":157,"column":36}},{"start":{"line":157,"column":36},"end":{"line":157,"column":null}}],"line":157},"14":{"loc":{"start":{"line":164,"column":4},"end":{"line":164,"column":null}},"type":"if","locations":[{"start":{"line":164,"column":4},"end":{"line":164,"column":null}},{"start":{},"end":{}}],"line":164},"15":{"loc":{"start":{"line":171,"column":4},"end":{"line":171,"column":null}},"type":"if","locations":[{"start":{"line":171,"column":4},"end":{"line":171,"column":null}},{"start":{},"end":{}}],"line":171},"16":{"loc":{"start":{"line":171,"column":8},"end":{"line":171,"column":32}},"type":"binary-expr","locations":[{"start":{"line":171,"column":8},"end":{"line":171,"column":20}},{"start":{"line":171,"column":20},"end":{"line":171,"column":32}}],"line":171},"17":{"loc":{"start":{"line":174,"column":4},"end":{"line":174,"column":null}},"type":"if","locations":[{"start":{"line":174,"column":4},"end":{"line":174,"column":null}},{"start":{},"end":{}}],"line":174},"18":{"loc":{"start":{"line":176,"column":36},"end":{"line":176,"column":88}},"type":"binary-expr","locations":[{"start":{"line":176,"column":36},"end":{"line":176,"column":55}},{"start":{"line":176,"column":55},"end":{"line":176,"column":86}},{"start":{"line":176,"column":86},"end":{"line":176,"column":88}}],"line":176},"19":{"loc":{"start":{"line":184,"column":4},"end":{"line":187,"column":null}},"type":"if","locations":[{"start":{"line":184,"column":4},"end":{"line":187,"column":null}},{"start":{},"end":{}}],"line":184},"20":{"loc":{"start":{"line":184,"column":8},"end":{"line":184,"column":51}},"type":"binary-expr","locations":[{"start":{"line":184,"column":8},"end":{"line":184,"column":25}},{"start":{"line":184,"column":25},"end":{"line":184,"column":51}}],"line":184},"21":{"loc":{"start":{"line":186,"column":6},"end":{"line":186,"column":null}},"type":"if","locations":[{"start":{"line":186,"column":6},"end":{"line":186,"column":null}},{"start":{},"end":{}}],"line":186},"22":{"loc":{"start":{"line":195,"column":4},"end":{"line":198,"column":null}},"type":"if","locations":[{"start":{"line":195,"column":4},"end":{"line":198,"column":null}},{"start":{},"end":{}}],"line":195},"23":{"loc":{"start":{"line":195,"column":8},"end":{"line":195,"column":57}},"type":"binary-expr","locations":[{"start":{"line":195,"column":8},"end":{"line":195,"column":28}},{"start":{"line":195,"column":28},"end":{"line":195,"column":57}}],"line":195},"24":{"loc":{"start":{"line":197,"column":6},"end":{"line":197,"column":null}},"type":"if","locations":[{"start":{"line":197,"column":6},"end":{"line":197,"column":null}},{"start":{},"end":{}}],"line":197},"25":{"loc":{"start":{"line":211,"column":4},"end":{"line":211,"column":null}},"type":"if","locations":[{"start":{"line":211,"column":4},"end":{"line":211,"column":null}},{"start":{},"end":{}}],"line":211},"26":{"loc":{"start":{"line":213,"column":4},"end":{"line":215,"column":null}},"type":"if","locations":[{"start":{"line":213,"column":4},"end":{"line":215,"column":null}},{"start":{},"end":{}}],"line":213},"27":{"loc":{"start":{"line":217,"column":4},"end":{"line":219,"column":null}},"type":"if","locations":[{"start":{"line":217,"column":4},"end":{"line":219,"column":null}},{"start":{},"end":{}}],"line":217},"28":{"loc":{"start":{"line":236,"column":4},"end":{"line":239,"column":null}},"type":"if","locations":[{"start":{"line":236,"column":4},"end":{"line":239,"column":null}},{"start":{},"end":{}}],"line":236},"29":{"loc":{"start":{"line":242,"column":4},"end":{"line":245,"column":null}},"type":"if","locations":[{"start":{"line":242,"column":4},"end":{"line":245,"column":null}},{"start":{},"end":{}}],"line":242},"30":{"loc":{"start":{"line":276,"column":4},"end":{"line":278,"column":null}},"type":"if","locations":[{"start":{"line":276,"column":4},"end":{"line":278,"column":null}},{"start":{},"end":{}}],"line":276}},"s":{"0":0,"1":0,"2":0,"3":0,"4":0,"5":4,"6":2,"7":1,"8":1,"9":0,"10":2,"11":4,"12":1,"13":5,"14":0,"15":0,"16":0,"17":0,"18":0,"19":0,"20":0,"21":0,"22":0,"23":0,"24":0,"25":0,"26":1,"27":1,"28":1,"29":1,"30":1,"31":1,"32":4,"33":34,"34":34,"35":25,"36":25,"37":23,"38":23,"39":25,"40":25,"41":1,"42":22,"43":22,"44":2,"45":20,"46":20,"47":3,"48":17,"49":25,"50":25,"51":9,"52":9,"53":4,"54":13,"55":13,"56":4,"57":4,"58":3,"59":10,"60":11,"61":1,"62":10,"63":2,"64":4,"65":8,"66":8,"67":10,"68":0,"69":3,"70":3,"71":3,"72":2,"73":0,"74":0,"75":0,"76":0,"77":9,"78":4,"79":4,"80":1,"81":3,"82":3,"83":2,"84":1,"85":1,"86":4},"f":{"0":0,"1":2,"2":1,"3":5,"4":0,"5":0,"6":1,"7":1,"8":1,"9":1,"10":34,"11":25,"12":11,"13":4,"14":10,"15":3,"16":9,"17":4},"b":{"0":[0,0],"1":[1,1],"2":[1,1],"3":[5,5],"4":[0,0],"5":[0,0],"6":[0,0],"7":[0,0],"8":[0,0],"9":[0,0],"10":[1,1],"11":[1,1],"12":[25,4,1],"13":[23,6],"14":[1,24],"15":[2,20],"16":[22,5],"17":[3,17],"18":[17,3,1],"19":[9,16],"20":[25,9],"21":[4,5],"22":[4,9],"23":[13,4],"24":[3,1],"25":[1,10],"26":[2,8],"27":[8,0],"28":[3,0],"29":[0,0],"30":[1,3]},"meta":{"lastBranch":31,"lastFunction":18,"lastStatement":87,"seen":{"f:15:9:15:27":0,"b:16:2:22:Infinity:undefined:undefined:undefined:undefined":0,"s:16:2:22:Infinity":0,"s:17:4:21:Infinity":1,"s:18:6:18:Infinity":2,"s:20:6:20:Infinity":3,"s:23:2:23:Infinity":4,"s:41:22:44:Infinity":5,"f:51:9:51:26":1,"b:52:2:60:Infinity:undefined:undefined:undefined:undefined":1,"s:52:2:60:Infinity":6,"s:53:4:59:Infinity":7,"s:54:6:54:Infinity":8,"s:56:6:58:Infinity":9,"s:61:2:61:Infinity":10,"s:67:4:128:Infinity":11,"f:69:18:69:19":2,"s:70:6:75:Infinity":12,"b:71:8:71:16:71:16:74:Infinity":2,"f:76:15:76:16":3,"s:77:6:82:Infinity":13,"b:78:8:78:16:78:16:81:Infinity":3,"f:85:18:85:19":4,"s:86:27:86:Infinity":14,"b:87:6:95:Infinity:89:6:95:Infinity":4,"s:87:6:95:Infinity":15,"s:88:8:88:Infinity":16,"b:89:6:95:Infinity:undefined:undefined:undefined:undefined":5,"s:89:6:95:Infinity":17,"s:90:8:94:Infinity":18,"b:92:11:92:36:92:36:92:Infinity":6,"s:97:6:97:Infinity":19,"f:99:15:99:16":5,"s:100:27:100:Infinity":20,"b:101:6:109:Infinity:103:6:109:Infinity":7,"s:101:6:109:Infinity":21,"s:102:8:102:Infinity":22,"b:103:6:109:Infinity:undefined:undefined:undefined:undefined":8,"s:103:6:109:Infinity":23,"s:104:8:108:Infinity":24,"b:106:11:106:36:106:36:106:Infinity":9,"s:111:6:111:Infinity":25,"f:115:18:115:19":6,"s:116:31:116:Infinity":26,"s:117:6:117:Infinity":27,"b:117:34:117:42:117:42:117:56":10,"f:119:15:119:16":7,"s:120:31:120:Infinity":28,"s:121:6:121:Infinity":29,"b:121:34:121:42:121:42:121:53":11,"f:125:18:125:24":8,"s:125:24:125:Infinity":30,"f:126:15:126:21":9,"s:126:21:126:Infinity":31,"s:135:7:290:Infinity":32,"f:136:2:136:Infinity":10,"s:138:21:138:Infinity":33,"s:140:21:140:Infinity":34,"f:150:8:150:20":11,"s:151:10:151:Infinity":35,"s:152:40:154:Infinity":36,"b:153:31:153:50:153:50:153:81:153:81:153:83":12,"s:156:4:156:Infinity":37,"s:157:4:157:Infinity":38,"b:157:19:157:36:157:36:157:Infinity":13,"s:159:21:162:Infinity":39,"b:164:4:164:Infinity:undefined:undefined:undefined:undefined":14,"s:164:4:164:Infinity":40,"s:164:18:164:Infinity":41,"s:166:23:169:Infinity":42,"b:171:4:171:Infinity:undefined:undefined:undefined:undefined":15,"s:171:4:171:Infinity":43,"b:171:8:171:20:171:20:171:32":16,"s:171:32:171:Infinity":44,"s:173:20:173:Infinity":45,"b:174:4:174:Infinity:undefined:undefined:undefined:undefined":17,"s:174:4:174:Infinity":46,"s:174:18:174:Infinity":47,"s:176:10:176:Infinity":48,"b:176:36:176:55:176:55:176:86:176:86:176:88":18,"s:179:26:182:Infinity":49,"b:184:4:187:Infinity:undefined:undefined:undefined:undefined":19,"s:184:4:187:Infinity":50,"b:184:8:184:25:184:25:184:51":20,"s:185:22:185:Infinity":51,"b:186:6:186:Infinity:undefined:undefined:undefined:undefined":21,"s:186:6:186:Infinity":52,"s:186:20:186:Infinity":53,"s:190:29:193:Infinity":54,"b:195:4:198:Infinity:undefined:undefined:undefined:undefined":22,"s:195:4:198:Infinity":55,"b:195:8:195:28:195:28:195:57":23,"s:196:25:196:Infinity":56,"b:197:6:197:Infinity:undefined:undefined:undefined:undefined":24,"s:197:6:197:Infinity":57,"s:197:23:197:Infinity":58,"s:200:4:200:Infinity":59,"f:210:10:210:30":12,"b:211:4:211:Infinity:undefined:undefined:undefined:undefined":25,"s:211:4:211:Infinity":60,"s:211:15:211:Infinity":61,"b:213:4:215:Infinity:undefined:undefined:undefined:undefined":26,"s:213:4:215:Infinity":62,"s:214:6:214:Infinity":63,"f:214:23:214:24":13,"s:214:30:214:55":64,"b:217:4:219:Infinity:undefined:undefined:undefined:undefined":27,"s:217:4:219:Infinity":65,"s:218:6:218:Infinity":66,"f:218:34:218:35":14,"s:218:41:218:73":67,"s:221:4:221:Infinity":68,"f:230:16:230:44":15,"s:233:20:233:Infinity":69,"b:236:4:239:Infinity:undefined:undefined:undefined:undefined":28,"s:236:4:239:Infinity":70,"s:237:21:237:Infinity":71,"s:238:6:238:Infinity":72,"b:242:4:245:Infinity:undefined:undefined:undefined:undefined":29,"s:242:4:245:Infinity":73,"s:243:21:243:Infinity":74,"s:244:6:244:Infinity":75,"s:247:4:247:Infinity":76,"f:257:10:257:24":16,"s:258:4:258:Infinity":77,"f:270:16:270:Infinity":17,"s:275:24:275:Infinity":78,"b:276:4:278:Infinity:undefined:undefined:undefined:undefined":30,"s:276:4:278:Infinity":79,"s:277:6:277:Infinity":80,"s:280:4:288:Infinity":81,"s:281:25:281:Infinity":82,"s:282:6:282:Infinity":83,"s:286:6:286:Infinity":84,"s:287:6:287:Infinity":85,"s:135:13:135:46":86}}}
,"/home/arligle/oks/oksai.cc/libs/auth/nestjs-better-auth/src/auth-module-definition.ts": {"path":"/home/arligle/oks/oksai.cc/libs/auth/nestjs-better-auth/src/auth-module-definition.ts","statementMap":{"0":{"start":{"line":37,"column":36},"end":{"line":37,"column":null}},"1":{"start":{"line":40,"column":2},"end":{"line":55,"column":null}},"2":{"start":{"line":50,"column":24},"end":{"line":53,"column":null}}},"fnMap":{"0":{"name":"(anonymous_0)","decl":{"start":{"line":50,"column":6},"end":{"line":50,"column":7}},"loc":{"start":{"line":50,"column":24},"end":{"line":53,"column":null}},"line":50}},"branchMap":{},"s":{"0":5,"1":5,"2":60},"f":{"0":60},"b":{},"meta":{"lastBranch":0,"lastFunction":1,"lastStatement":3,"seen":{"s:37:36:37:Infinity":0,"s:40:2:55:Infinity":1,"f:50:6:50:7":0,"s:50:24:53:Infinity":2}}}
,"/home/arligle/oks/oksai.cc/libs/auth/nestjs-better-auth/src/auth-module.ts": {"path":"/home/arligle/oks/oksai.cc/libs/auth/nestjs-better-auth/src/auth-module.ts","statementMap":{"0":{"start":{"line":29,"column":14},"end":{"line":32,"column":null}},"1":{"start":{"line":46,"column":7},"end":{"line":255,"column":null}},"2":{"start":{"line":47,"column":28},"end":{"line":47,"column":null}},"3":{"start":{"line":62,"column":4},"end":{"line":62,"column":null}},"4":{"start":{"line":52,"column":21},"end":{"line":52,"column":null}},"5":{"start":{"line":55,"column":21},"end":{"line":55,"column":null}},"6":{"start":{"line":58,"column":21},"end":{"line":58,"column":null}},"7":{"start":{"line":60,"column":21},"end":{"line":60,"column":null}},"8":{"start":{"line":67,"column":4},"end":{"line":67,"column":null}},"9":{"start":{"line":71,"column":22},"end":{"line":73,"column":null}},"10":{"start":{"line":73,"column":32},"end":{"line":73,"column":83}},"11":{"start":{"line":75,"column":29},"end":{"line":75,"column":null}},"12":{"start":{"line":76,"column":28},"end":{"line":76,"column":null}},"13":{"start":{"line":78,"column":4},"end":{"line":81,"column":null}},"14":{"start":{"line":79,"column":6},"end":{"line":81,"column":null}},"15":{"start":{"line":83,"column":4},"end":{"line":83,"column":null}},"16":{"start":{"line":83,"column":51},"end":{"line":83,"column":null}},"17":{"start":{"line":85,"column":4},"end":{"line":93,"column":null}},"18":{"start":{"line":86,"column":32},"end":{"line":86,"column":null}},"19":{"start":{"line":87,"column":22},"end":{"line":87,"column":null}},"20":{"start":{"line":89,"column":6},"end":{"line":92,"column":null}},"21":{"start":{"line":90,"column":31},"end":{"line":90,"column":null}},"22":{"start":{"line":91,"column":8},"end":{"line":91,"column":null}},"23":{"start":{"line":97,"column":27},"end":{"line":97,"column":null}},"24":{"start":{"line":100,"column":31},"end":{"line":100,"column":null}},"25":{"start":{"line":102,"column":4},"end":{"line":111,"column":null}},"26":{"start":{"line":103,"column":6},"end":{"line":107,"column":null}},"27":{"start":{"line":108,"column":4},"end":{"line":111,"column":null}},"28":{"start":{"line":109,"column":6},"end":{"line":111,"column":null}},"29":{"start":{"line":113,"column":4},"end":{"line":135,"column":null}},"30":{"start":{"line":114,"column":23},"end":{"line":114,"column":null}},"31":{"start":{"line":117,"column":6},"end":{"line":134,"column":null}},"32":{"start":{"line":118,"column":8},"end":{"line":124,"column":null}},"33":{"start":{"line":126,"column":8},"end":{"line":133,"column":null}},"34":{"start":{"line":137,"column":10},"end":{"line":137,"column":null}},"35":{"start":{"line":138,"column":4},"end":{"line":145,"column":null}},"36":{"start":{"line":140,"column":8},"end":{"line":142,"column":null}},"37":{"start":{"line":141,"column":10},"end":{"line":141,"column":null}},"38":{"start":{"line":141,"column":57},"end":{"line":141,"column":74}},"39":{"start":{"line":143,"column":8},"end":{"line":143,"column":null}},"40":{"start":{"line":146,"column":4},"end":{"line":148,"column":null}},"41":{"start":{"line":157,"column":24},"end":{"line":157,"column":null}},"42":{"start":{"line":158,"column":4},"end":{"line":160,"column":null}},"43":{"start":{"line":159,"column":6},"end":{"line":159,"column":null}},"44":{"start":{"line":163,"column":24},"end":{"line":163,"column":null}},"45":{"start":{"line":164,"column":4},"end":{"line":166,"column":null}},"46":{"start":{"line":165,"column":6},"end":{"line":165,"column":null}},"47":{"start":{"line":168,"column":4},"end":{"line":168,"column":null}},"48":{"start":{"line":175,"column":4},"end":{"line":175,"column":null}},"49":{"start":{"line":175,"column":42},"end":{"line":175,"column":null}},"50":{"start":{"line":177,"column":4},"end":{"line":193,"column":null}},"51":{"start":{"line":178,"column":22},"end":{"line":178,"column":null}},"52":{"start":{"line":179,"column":6},"end":{"line":179,"column":null}},"53":{"start":{"line":179,"column":20},"end":{"line":179,"column":null}},"54":{"start":{"line":181,"column":23},"end":{"line":181,"column":null}},"55":{"start":{"line":183,"column":27},"end":{"line":183,"column":null}},"56":{"start":{"line":184,"column":6},"end":{"line":192,"column":null}},"57":{"start":{"line":185,"column":8},"end":{"line":187,"column":null}},"58":{"start":{"line":186,"column":10},"end":{"line":186,"column":null}},"59":{"start":{"line":189,"column":8},"end":{"line":189,"column":null}},"60":{"start":{"line":189,"column":47},"end":{"line":189,"column":null}},"61":{"start":{"line":191,"column":8},"end":{"line":191,"column":null}},"62":{"start":{"line":197,"column":31},"end":{"line":197,"column":null}},"63":{"start":{"line":198,"column":23},"end":{"line":198,"column":null}},"64":{"start":{"line":200,"column":4},"end":{"line":218,"column":null}},"65":{"start":{"line":228,"column":6},"end":{"line":230,"column":null}},"66":{"start":{"line":232,"column":26},"end":{"line":232,"column":null}},"67":{"start":{"line":233,"column":23},"end":{"line":233,"column":null}},"68":{"start":{"line":235,"column":4},"end":{"line":253,"column":null}},"69":{"start":{"line":46,"column":13},"end":{"line":46,"column":32}},"70":{"start":{"line":259,"column":4},"end":{"line":259,"column":null}}},"fnMap":{"0":{"name":"(anonymous_0)","decl":{"start":{"line":50,"column":2},"end":{"line":50,"column":null}},"loc":{"start":{"line":61,"column":4},"end":{"line":68,"column":null}},"line":61},"1":{"name":"(anonymous_1)","decl":{"start":{"line":70,"column":2},"end":{"line":70,"column":23}},"loc":{"start":{"line":70,"column":23},"end":{"line":94,"column":null}},"line":70},"2":{"name":"(anonymous_2)","decl":{"start":{"line":73,"column":14},"end":{"line":73,"column":15}},"loc":{"start":{"line":73,"column":32},"end":{"line":73,"column":83}},"line":73},"3":{"name":"(anonymous_3)","decl":{"start":{"line":96,"column":2},"end":{"line":96,"column":12}},"loc":{"start":{"line":96,"column":48},"end":{"line":149,"column":null}},"line":96},"4":{"name":"(anonymous_4)","decl":{"start":{"line":139,"column":13},"end":{"line":139,"column":14}},"loc":{"start":{"line":139,"column":46},"end":{"line":144,"column":7}},"line":139},"5":{"name":"(anonymous_5)","decl":{"start":{"line":141,"column":51},"end":{"line":141,"column":57}},"loc":{"start":{"line":141,"column":57},"end":{"line":141,"column":74}},"line":141},"6":{"name":"(anonymous_6)","decl":{"start":{"line":155,"column":10},"end":{"line":155,"column":50}},"loc":{"start":{"line":155,"column":50},"end":{"line":169,"column":null}},"line":155},"7":{"name":"(anonymous_7)","decl":{"start":{"line":171,"column":10},"end":{"line":171,"column":null}},"loc":{"start":{"line":174,"column":4},"end":{"line":194,"column":null}},"line":174},"8":{"name":"(anonymous_8)","decl":{"start":{"line":184,"column":71},"end":{"line":184,"column":78}},"loc":{"start":{"line":184,"column":103},"end":{"line":192,"column":7}},"line":184},"9":{"name":"(anonymous_9)","decl":{"start":{"line":196,"column":9},"end":{"line":196,"column":22}},"loc":{"start":{"line":196,"column":73},"end":{"line":219,"column":null}},"line":196},"10":{"name":"(anonymous_10)","decl":{"start":{"line":226,"column":9},"end":{"line":226,"column":17}},"loc":{"start":{"line":226,"column":108},"end":{"line":254,"column":null}},"line":226},"11":{"name":"(anonymous_11)","decl":{"start":{"line":258,"column":2},"end":{"line":258,"column":20}},"loc":{"start":{"line":258,"column":20},"end":{"line":260,"column":null}},"line":258}},"branchMap":{"0":{"loc":{"start":{"line":67,"column":34},"end":{"line":67,"column":83}},"type":"binary-expr","locations":[{"start":{"line":67,"column":34},"end":{"line":67,"column":72}},{"start":{"line":67,"column":72},"end":{"line":67,"column":83}}],"line":67},"1":{"loc":{"start":{"line":73,"column":32},"end":{"line":73,"column":83}},"type":"binary-expr","locations":[{"start":{"line":73,"column":32},"end":{"line":73,"column":44}},{"start":{"line":73,"column":44},"end":{"line":73,"column":83}}],"line":73},"2":{"loc":{"start":{"line":78,"column":4},"end":{"line":81,"column":null}},"type":"if","locations":[{"start":{"line":78,"column":4},"end":{"line":81,"column":null}},{"start":{},"end":{}}],"line":78},"3":{"loc":{"start":{"line":78,"column":8},"end":{"line":78,"column":null}},"type":"binary-expr","locations":[{"start":{"line":78,"column":8},"end":{"line":78,"column":28}},{"start":{"line":78,"column":28},"end":{"line":78,"column":null}}],"line":78},"4":{"loc":{"start":{"line":83,"column":4},"end":{"line":83,"column":null}},"type":"if","locations":[{"start":{"line":83,"column":4},"end":{"line":83,"column":null}},{"start":{},"end":{}}],"line":83},"5":{"loc":{"start":{"line":83,"column":8},"end":{"line":83,"column":51}},"type":"binary-expr","locations":[{"start":{"line":83,"column":8},"end":{"line":83,"column":28}},{"start":{"line":83,"column":28},"end":{"line":83,"column":51}}],"line":83},"6":{"loc":{"start":{"line":100,"column":31},"end":{"line":100,"column":null}},"type":"binary-expr","locations":[{"start":{"line":100,"column":31},"end":{"line":100,"column":49}},{"start":{"line":100,"column":49},"end":{"line":100,"column":null}}],"line":100},"7":{"loc":{"start":{"line":102,"column":4},"end":{"line":111,"column":null}},"type":"if","locations":[{"start":{"line":102,"column":4},"end":{"line":111,"column":null}},{"start":{"line":108,"column":4},"end":{"line":111,"column":null}}],"line":102},"8":{"loc":{"start":{"line":102,"column":8},"end":{"line":102,"column":100}},"type":"binary-expr","locations":[{"start":{"line":102,"column":8},"end":{"line":102,"column":51}},{"start":{"line":102,"column":51},"end":{"line":102,"column":73}},{"start":{"line":102,"column":73},"end":{"line":102,"column":100}}],"line":102},"9":{"loc":{"start":{"line":108,"column":4},"end":{"line":111,"column":null}},"type":"if","locations":[{"start":{"line":108,"column":4},"end":{"line":111,"column":null}},{"start":{},"end":{}}],"line":108},"10":{"loc":{"start":{"line":108,"column":15},"end":{"line":108,"column":null}},"type":"binary-expr","locations":[{"start":{"line":108,"column":15},"end":{"line":108,"column":33}},{"start":{"line":108,"column":33},"end":{"line":108,"column":76}},{"start":{"line":108,"column":76},"end":{"line":108,"column":null}}],"line":108},"11":{"loc":{"start":{"line":113,"column":4},"end":{"line":135,"column":null}},"type":"if","locations":[{"start":{"line":113,"column":4},"end":{"line":135,"column":null}},{"start":{},"end":{}}],"line":113},"12":{"loc":{"start":{"line":114,"column":23},"end":{"line":114,"column":null}},"type":"binary-expr","locations":[{"start":{"line":114,"column":23},"end":{"line":114,"column":48}},{"start":{"line":114,"column":48},"end":{"line":114,"column":null}}],"line":114},"13":{"loc":{"start":{"line":117,"column":6},"end":{"line":134,"column":null}},"type":"if","locations":[{"start":{"line":117,"column":6},"end":{"line":134,"column":null}},{"start":{"line":125,"column":13},"end":{"line":134,"column":null}}],"line":117},"14":{"loc":{"start":{"line":140,"column":8},"end":{"line":142,"column":null}},"type":"if","locations":[{"start":{"line":140,"column":8},"end":{"line":142,"column":null}},{"start":{},"end":{}}],"line":140},"15":{"loc":{"start":{"line":147,"column":76},"end":{"line":147,"column":110}},"type":"binary-expr","locations":[{"start":{"line":147,"column":76},"end":{"line":147,"column":101}},{"start":{"line":147,"column":101},"end":{"line":147,"column":110}}],"line":147},"16":{"loc":{"start":{"line":158,"column":4},"end":{"line":160,"column":null}},"type":"if","locations":[{"start":{"line":158,"column":4},"end":{"line":160,"column":null}},{"start":{},"end":{}}],"line":158},"17":{"loc":{"start":{"line":163,"column":24},"end":{"line":163,"column":null}},"type":"binary-expr","locations":[{"start":{"line":163,"column":24},"end":{"line":163,"column":57}},{"start":{"line":163,"column":57},"end":{"line":163,"column":null}}],"line":163},"18":{"loc":{"start":{"line":164,"column":4},"end":{"line":166,"column":null}},"type":"if","locations":[{"start":{"line":164,"column":4},"end":{"line":166,"column":null}},{"start":{},"end":{}}],"line":164},"19":{"loc":{"start":{"line":175,"column":4},"end":{"line":175,"column":null}},"type":"if","locations":[{"start":{"line":175,"column":4},"end":{"line":175,"column":null}},{"start":{},"end":{}}],"line":175},"20":{"loc":{"start":{"line":179,"column":6},"end":{"line":179,"column":null}},"type":"if","locations":[{"start":{"line":179,"column":6},"end":{"line":179,"column":null}},{"start":{},"end":{}}],"line":179},"21":{"loc":{"start":{"line":185,"column":8},"end":{"line":187,"column":null}},"type":"if","locations":[{"start":{"line":185,"column":8},"end":{"line":187,"column":null}},{"start":{},"end":{}}],"line":185},"22":{"loc":{"start":{"line":189,"column":8},"end":{"line":189,"column":null}},"type":"if","locations":[{"start":{"line":189,"column":8},"end":{"line":189,"column":null}},{"start":{},"end":{}}],"line":189},"23":{"loc":{"start":{"line":189,"column":12},"end":{"line":189,"column":47}},"type":"binary-expr","locations":[{"start":{"line":189,"column":12},"end":{"line":189,"column":24}},{"start":{"line":189,"column":24},"end":{"line":189,"column":47}}],"line":189},"24":{"loc":{"start":{"line":202,"column":14},"end":{"line":202,"column":null}},"type":"cond-expr","locations":[{"start":{"line":202,"column":43},"end":{"line":202,"column":74}},{"start":{"line":202,"column":74},"end":{"line":202,"column":null}}],"line":202},"25":{"loc":{"start":{"line":203,"column":19},"end":{"line":203,"column":null}},"type":"cond-expr","locations":[{"start":{"line":203,"column":48},"end":{"line":203,"column":53}},{"start":{"line":203,"column":53},"end":{"line":203,"column":null}}],"line":203},"26":{"loc":{"start":{"line":207,"column":12},"end":{"line":207,"column":null}},"type":"binary-expr","locations":[{"start":{"line":207,"column":12},"end":{"line":207,"column":44}},{"start":{"line":207,"column":44},"end":{"line":207,"column":null}}],"line":207},"27":{"loc":{"start":{"line":208,"column":12},"end":{"line":215,"column":null}},"type":"cond-expr","locations":[{"start":{"line":209,"column":12},"end":{"line":214,"column":null}},{"start":{"line":215,"column":12},"end":{"line":215,"column":null}}],"line":208},"28":{"loc":{"start":{"line":228,"column":6},"end":{"line":230,"column":null}},"type":"cond-expr","locations":[{"start":{"line":229,"column":11},"end":{"line":229,"column":null}},{"start":{"line":230,"column":11},"end":{"line":230,"column":null}}],"line":228},"29":{"loc":{"start":{"line":228,"column":6},"end":{"line":228,"column":null}},"type":"binary-expr","locations":[{"start":{"line":228,"column":6},"end":{"line":228,"column":34}},{"start":{"line":228,"column":34},"end":{"line":228,"column":51}},{"start":{"line":228,"column":51},"end":{"line":228,"column":null}}],"line":228},"30":{"loc":{"start":{"line":230,"column":17},"end":{"line":230,"column":30}},"type":"binary-expr","locations":[{"start":{"line":230,"column":17},"end":{"line":230,"column":25}},{"start":{"line":230,"column":25},"end":{"line":230,"column":30}}],"line":230},"31":{"loc":{"start":{"line":237,"column":14},"end":{"line":237,"column":null}},"type":"cond-expr","locations":[{"start":{"line":237,"column":53},"end":{"line":237,"column":84}},{"start":{"line":237,"column":84},"end":{"line":237,"column":null}}],"line":237},"32":{"loc":{"start":{"line":238,"column":19},"end":{"line":238,"column":null}},"type":"cond-expr","locations":[{"start":{"line":238,"column":58},"end":{"line":238,"column":63}},{"start":{"line":238,"column":63},"end":{"line":238,"column":null}}],"line":238},"33":{"loc":{"start":{"line":242,"column":12},"end":{"line":242,"column":null}},"type":"binary-expr","locations":[{"start":{"line":242,"column":12},"end":{"line":242,"column":39}},{"start":{"line":242,"column":39},"end":{"line":242,"column":null}}],"line":242},"34":{"loc":{"start":{"line":243,"column":12},"end":{"line":250,"column":null}},"type":"cond-expr","locations":[{"start":{"line":244,"column":12},"end":{"line":249,"column":null}},{"start":{"line":250,"column":12},"end":{"line":250,"column":null}}],"line":243}},"s":{"0":3,"1":3,"2":3,"3":3,"4":3,"5":3,"6":3,"7":3,"8":3,"9":1,"10":26,"11":1,"12":1,"13":1,"14":0,"15":1,"16":0,"17":1,"18":0,"19":0,"20":0,"21":0,"22":0,"23":0,"24":0,"25":0,"26":0,"27":0,"28":0,"29":0,"30":0,"31":0,"32":0,"33":0,"34":0,"35":0,"36":0,"37":0,"38":0,"39":0,"40":0,"41":0,"42":0,"43":0,"44":0,"45":0,"46":0,"47":0,"48":0,"49":0,"50":0,"51":0,"52":0,"53":0,"54":0,"55":0,"56":0,"57":0,"58":0,"59":0,"60":0,"61":0,"62":6,"63":6,"64":6,"65":54,"66":54,"67":54,"68":54,"69":3,"70":1},"f":{"0":3,"1":1,"2":26,"3":0,"4":0,"5":0,"6":0,"7":0,"8":0,"9":3,"10":3,"11":1},"b":{"0":[3,0],"1":[26,21],"2":[0,1],"3":[1,0],"4":[0,1],"5":[1,1],"6":[0,0],"7":[0,0],"8":[0,0,0],"9":[0,0],"10":[0,0,0],"11":[0,0],"12":[0,0],"13":[0,0],"14":[0,0],"15":[0,0],"16":[0,0],"17":[0,0],"18":[0,0],"19":[0,0],"20":[0,0],"21":[0,0],"22":[0,0],"23":[0,0],"24":[0,6],"25":[0,6],"26":[6,0],"27":[6,0],"28":[54,0],"29":[54,54,54],"30":[0,0],"31":[3,51],"32":[3,51],"33":[54,0],"34":[3,51]},"meta":{"lastBranch":35,"lastFunction":12,"lastStatement":71,"seen":{"s:29:14:32:Infinity":0,"s:46:7:255:Infinity":1,"s:47:28:47:Infinity":2,"f:50:2:50:Infinity":0,"s:62:4:62:Infinity":3,"s:52:21:52:Infinity":4,"s:55:21:55:Infinity":5,"s:58:21:58:Infinity":6,"s:60:21:60:Infinity":7,"s:67:4:67:Infinity":8,"b:67:34:67:72:67:72:67:83":0,"f:70:2:70:23":1,"s:71:22:73:Infinity":9,"f:73:14:73:15":2,"s:73:32:73:83":10,"b:73:32:73:44:73:44:73:83":1,"s:75:29:75:Infinity":11,"s:76:28:76:Infinity":12,"b:78:4:81:Infinity:undefined:undefined:undefined:undefined":2,"s:78:4:81:Infinity":13,"b:78:8:78:28:78:28:78:Infinity":3,"s:79:6:81:Infinity":14,"b:83:4:83:Infinity:undefined:undefined:undefined:undefined":4,"s:83:4:83:Infinity":15,"b:83:8:83:28:83:28:83:51":5,"s:83:51:83:Infinity":16,"s:85:4:93:Infinity":17,"s:86:32:86:Infinity":18,"s:87:22:87:Infinity":19,"s:89:6:92:Infinity":20,"s:90:31:90:Infinity":21,"s:91:8:91:Infinity":22,"f:96:2:96:12":3,"s:97:27:97:Infinity":23,"s:100:31:100:Infinity":24,"b:100:31:100:49:100:49:100:Infinity":6,"b:102:4:111:Infinity:108:4:111:Infinity":7,"s:102:4:111:Infinity":25,"b:102:8:102:51:102:51:102:73:102:73:102:100":8,"s:103:6:107:Infinity":26,"b:108:4:111:Infinity:undefined:undefined:undefined:undefined":9,"s:108:4:111:Infinity":27,"b:108:15:108:33:108:33:108:76:108:76:108:Infinity":10,"s:109:6:111:Infinity":28,"b:113:4:135:Infinity:undefined:undefined:undefined:undefined":11,"s:113:4:135:Infinity":29,"s:114:23:114:Infinity":30,"b:114:23:114:48:114:48:114:Infinity":12,"b:117:6:134:Infinity:125:13:134:Infinity":13,"s:117:6:134:Infinity":31,"s:118:8:124:Infinity":32,"s:126:8:133:Infinity":33,"s:137:10:137:Infinity":34,"s:138:4:145:Infinity":35,"f:139:13:139:14":4,"b:140:8:142:Infinity:undefined:undefined:undefined:undefined":14,"s:140:8:142:Infinity":36,"s:141:10:141:Infinity":37,"f:141:51:141:57":5,"s:141:57:141:74":38,"s:143:8:143:Infinity":39,"s:146:4:148:Infinity":40,"b:147:76:147:101:147:101:147:110":15,"f:155:10:155:50":6,"s:157:24:157:Infinity":41,"b:158:4:160:Infinity:undefined:undefined:undefined:undefined":16,"s:158:4:160:Infinity":42,"s:159:6:159:Infinity":43,"s:163:24:163:Infinity":44,"b:163:24:163:57:163:57:163:Infinity":17,"b:164:4:166:Infinity:undefined:undefined:undefined:undefined":18,"s:164:4:166:Infinity":45,"s:165:6:165:Infinity":46,"s:168:4:168:Infinity":47,"f:171:10:171:Infinity":7,"b:175:4:175:Infinity:undefined:undefined:undefined:undefined":19,"s:175:4:175:Infinity":48,"s:175:42:175:Infinity":49,"s:177:4:193:Infinity":50,"s:178:22:178:Infinity":51,"b:179:6:179:Infinity:undefined:undefined:undefined:undefined":20,"s:179:6:179:Infinity":52,"s:179:20:179:Infinity":53,"s:181:23:181:Infinity":54,"s:183:27:183:Infinity":55,"s:184:6:192:Infinity":56,"f:184:71:184:78":8,"b:185:8:187:Infinity:undefined:undefined:undefined:undefined":21,"s:185:8:187:Infinity":57,"s:186:10:186:Infinity":58,"b:189:8:189:Infinity:undefined:undefined:undefined:undefined":22,"s:189:8:189:Infinity":59,"b:189:12:189:24:189:24:189:47":23,"s:189:47:189:Infinity":60,"s:191:8:191:Infinity":61,"f:196:9:196:22":9,"s:197:31:197:Infinity":62,"s:198:23:198:Infinity":63,"s:200:4:218:Infinity":64,"b:202:43:202:74:202:74:202:Infinity":24,"b:203:48:203:53:203:53:203:Infinity":25,"b:207:12:207:44:207:44:207:Infinity":26,"b:209:12:214:Infinity:215:12:215:Infinity":27,"f:226:9:226:17":10,"s:228:6:230:Infinity":65,"b:229:11:229:Infinity:230:11:230:Infinity":28,"b:228:6:228:34:228:34:228:51:228:51:228:Infinity":29,"b:230:17:230:25:230:25:230:30":30,"s:232:26:232:Infinity":66,"s:233:23:233:Infinity":67,"s:235:4:253:Infinity":68,"b:237:53:237:84:237:84:237:Infinity":31,"b:238:58:238:63:238:63:238:Infinity":32,"b:242:12:242:39:242:39:242:Infinity":33,"b:244:12:249:Infinity:250:12:250:Infinity":34,"s:46:13:46:32":69,"f:258:2:258:20":11,"s:259:4:259:Infinity":70}}}
,"/home/arligle/oks/oksai.cc/libs/auth/nestjs-better-auth/src/auth-service.ts": {"path":"/home/arligle/oks/oksai.cc/libs/auth/nestjs-better-auth/src/auth-service.ts","statementMap":{"0":{"start":{"line":9,"column":7},"end":{"line":29,"column":null}},"1":{"start":{"line":12,"column":21},"end":{"line":12,"column":null}},"2":{"start":{"line":19,"column":4},"end":{"line":19,"column":null}},"3":{"start":{"line":27,"column":4},"end":{"line":27,"column":null}},"4":{"start":{"line":9,"column":13},"end":{"line":9,"column":61}}},"fnMap":{"0":{"name":"(anonymous_0)","decl":{"start":{"line":10,"column":2},"end":{"line":10,"column":null}},"loc":{"start":{"line":13,"column":4},"end":{"line":13,"column":null}},"line":13},"1":{"name":"(anonymous_1)","decl":{"start":{"line":18,"column":6},"end":{"line":18,"column":22}},"loc":{"start":{"line":18,"column":22},"end":{"line":20,"column":null}},"line":18},"2":{"name":"(anonymous_2)","decl":{"start":{"line":26,"column":6},"end":{"line":26,"column":20}},"loc":{"start":{"line":26,"column":20},"end":{"line":28,"column":null}},"line":26}},"branchMap":{},"s":{"0":4,"1":66,"2":7,"3":3,"4":4},"f":{"0":66,"1":7,"2":3},"b":{},"meta":{"lastBranch":0,"lastFunction":3,"lastStatement":5,"seen":{"s:9:7:29:Infinity":0,"f:10:2:10:Infinity":0,"s:12:21:12:Infinity":1,"f:18:6:18:22":1,"s:19:4:19:Infinity":2,"f:26:6:26:20":2,"s:27:4:27:Infinity":3,"s:9:13:9:61":4}}}
,"/home/arligle/oks/oksai.cc/libs/auth/nestjs-better-auth/src/decorators.ts": {"path":"/home/arligle/oks/oksai.cc/libs/auth/nestjs-better-auth/src/decorators.ts","statementMap":{"0":{"start":{"line":11,"column":30},"end":{"line":11,"column":null}},"1":{"start":{"line":18,"column":28},"end":{"line":18,"column":null}},"2":{"start":{"line":33,"column":21},"end":{"line":33,"column":null}},"3":{"start":{"line":33,"column":22},"end":{"line":33,"column":null}},"4":{"start":{"line":48,"column":24},"end":{"line":48,"column":null}},"5":{"start":{"line":48,"column":25},"end":{"line":48,"column":null}},"6":{"start":{"line":53,"column":22},"end":{"line":53,"column":null}},"7":{"start":{"line":58,"column":24},"end":{"line":58,"column":null}},"8":{"start":{"line":65,"column":13},"end":{"line":70,"column":null}},"9":{"start":{"line":67,"column":10},"end":{"line":67,"column":null}},"10":{"start":{"line":68,"column":4},"end":{"line":68,"column":null}},"11":{"start":{"line":91,"column":25},"end":{"line":91,"column":null}},"12":{"start":{"line":91,"column":48},"end":{"line":91,"column":null}},"13":{"start":{"line":108,"column":30},"end":{"line":108,"column":null}},"14":{"start":{"line":108,"column":53},"end":{"line":108,"column":null}},"15":{"start":{"line":125,"column":25},"end":{"line":125,"column":null}},"16":{"start":{"line":125,"column":48},"end":{"line":125,"column":null}},"17":{"start":{"line":142,"column":28},"end":{"line":142,"column":null}},"18":{"start":{"line":142,"column":51},"end":{"line":142,"column":null}},"19":{"start":{"line":159,"column":26},"end":{"line":159,"column":null}},"20":{"start":{"line":159,"column":49},"end":{"line":159,"column":null}},"21":{"start":{"line":175,"column":26},"end":{"line":176,"column":null}},"22":{"start":{"line":175,"column":27},"end":{"line":176,"column":null}},"23":{"start":{"line":182,"column":25},"end":{"line":182,"column":null}},"24":{"start":{"line":182,"column":26},"end":{"line":182,"column":null}},"25":{"start":{"line":188,"column":20},"end":{"line":188,"column":null}}},"fnMap":{"0":{"name":"(anonymous_0)","decl":{"start":{"line":11,"column":30},"end":{"line":11,"column":61}},"loc":{"start":{"line":11,"column":30},"end":{"line":11,"column":null}},"line":11},"1":{"name":"(anonymous_1)","decl":{"start":{"line":18,"column":28},"end":{"line":18,"column":59}},"loc":{"start":{"line":18,"column":28},"end":{"line":18,"column":null}},"line":18},"2":{"name":"(anonymous_2)","decl":{"start":{"line":33,"column":21},"end":{"line":33,"column":22}},"loc":{"start":{"line":33,"column":22},"end":{"line":33,"column":null}},"line":33},"3":{"name":"(anonymous_3)","decl":{"start":{"line":48,"column":24},"end":{"line":48,"column":25}},"loc":{"start":{"line":48,"column":25},"end":{"line":48,"column":null}},"line":48},"4":{"name":"(anonymous_4)","decl":{"start":{"line":66,"column":2},"end":{"line":66,"column":3}},"loc":{"start":{"line":66,"column":58},"end":{"line":69,"column":null}},"line":66},"5":{"name":"(anonymous_5)","decl":{"start":{"line":91,"column":25},"end":{"line":91,"column":48}},"loc":{"start":{"line":91,"column":48},"end":{"line":91,"column":null}},"line":91},"6":{"name":"(anonymous_6)","decl":{"start":{"line":108,"column":30},"end":{"line":108,"column":53}},"loc":{"start":{"line":108,"column":53},"end":{"line":108,"column":null}},"line":108},"7":{"name":"(anonymous_7)","decl":{"start":{"line":125,"column":25},"end":{"line":125,"column":48}},"loc":{"start":{"line":125,"column":48},"end":{"line":125,"column":null}},"line":125},"8":{"name":"(anonymous_8)","decl":{"start":{"line":142,"column":28},"end":{"line":142,"column":51}},"loc":{"start":{"line":142,"column":51},"end":{"line":142,"column":null}},"line":142},"9":{"name":"(anonymous_9)","decl":{"start":{"line":159,"column":26},"end":{"line":159,"column":49}},"loc":{"start":{"line":159,"column":49},"end":{"line":159,"column":null}},"line":159},"10":{"name":"(anonymous_10)","decl":{"start":{"line":175,"column":26},"end":{"line":175,"column":27}},"loc":{"start":{"line":175,"column":27},"end":{"line":176,"column":null}},"line":175},"11":{"name":"(anonymous_11)","decl":{"start":{"line":182,"column":25},"end":{"line":182,"column":26}},"loc":{"start":{"line":182,"column":26},"end":{"line":182,"column":null}},"line":182},"12":{"name":"(anonymous_12)","decl":{"start":{"line":188,"column":20},"end":{"line":188,"column":42}},"loc":{"start":{"line":188,"column":20},"end":{"line":188,"column":null}},"line":188}},"branchMap":{},"s":{"0":2,"1":2,"2":3,"3":4,"4":3,"5":4,"6":3,"7":3,"8":3,"9":0,"10":0,"11":3,"12":1,"13":3,"14":1,"15":3,"16":1,"17":3,"18":1,"19":3,"20":1,"21":3,"22":12,"23":3,"24":6,"25":12},"f":{"0":2,"1":2,"2":4,"3":4,"4":0,"5":1,"6":1,"7":1,"8":1,"9":1,"10":12,"11":6,"12":12},"b":{},"meta":{"lastBranch":0,"lastFunction":13,"lastStatement":26,"seen":{"s:11:30:11:Infinity":0,"f:11:30:11:61":0,"s:18:28:18:Infinity":1,"f:18:28:18:59":1,"s:33:21:33:Infinity":2,"f:33:21:33:22":2,"s:33:22:33:Infinity":3,"s:48:24:48:Infinity":4,"f:48:24:48:25":3,"s:48:25:48:Infinity":5,"s:53:22:53:Infinity":6,"s:58:24:58:Infinity":7,"s:65:13:70:Infinity":8,"f:66:2:66:3":4,"s:67:10:67:Infinity":9,"s:68:4:68:Infinity":10,"s:91:25:91:Infinity":11,"f:91:25:91:48":5,"s:91:48:91:Infinity":12,"s:108:30:108:Infinity":13,"f:108:30:108:53":6,"s:108:53:108:Infinity":14,"s:125:25:125:Infinity":15,"f:125:25:125:48":7,"s:125:48:125:Infinity":16,"s:142:28:142:Infinity":17,"f:142:28:142:51":8,"s:142:51:142:Infinity":18,"s:159:26:159:Infinity":19,"f:159:26:159:49":9,"s:159:49:159:Infinity":20,"s:175:26:176:Infinity":21,"f:175:26:175:27":10,"s:175:27:176:Infinity":22,"s:182:25:182:Infinity":23,"f:182:25:182:26":11,"s:182:26:182:Infinity":24,"s:188:20:188:Infinity":25,"f:188:20:188:42":12}}}
,"/home/arligle/oks/oksai.cc/libs/auth/nestjs-better-auth/src/middlewares-fastify.ts": {"path":"/home/arligle/oks/oksai.cc/libs/auth/nestjs-better-auth/src/middlewares-fastify.ts","statementMap":{"0":{"start":{"line":49,"column":37},"end":{"line":49,"column":null}},"1":{"start":{"line":52,"column":2},"end":{"line":62,"column":null}},"2":{"start":{"line":54,"column":4},"end":{"line":57,"column":null}},"3":{"start":{"line":55,"column":6},"end":{"line":55,"column":null}},"4":{"start":{"line":56,"column":6},"end":{"line":56,"column":null}},"5":{"start":{"line":61,"column":4},"end":{"line":61,"column":null}}},"fnMap":{"0":{"name":"SkipBodyParsingMiddlewareFastify","decl":{"start":{"line":48,"column":16},"end":{"line":48,"column":49}},"loc":{"start":{"line":48,"column":104},"end":{"line":63,"column":null}},"line":48},"1":{"name":"(anonymous_1)","decl":{"start":{"line":52,"column":9},"end":{"line":52,"column":10}},"loc":{"start":{"line":52,"column":77},"end":{"line":62,"column":null}},"line":52}},"branchMap":{"0":{"loc":{"start":{"line":48,"column":49},"end":{"line":48,"column":104}},"type":"default-arg","locations":[{"start":{"line":48,"column":100},"end":{"line":48,"column":104}}],"line":48},"1":{"loc":{"start":{"line":49,"column":10},"end":{"line":49,"column":33}},"type":"default-arg","locations":[{"start":{"line":49,"column":21},"end":{"line":49,"column":33}}],"line":49},"2":{"loc":{"start":{"line":54,"column":4},"end":{"line":57,"column":null}},"type":"if","locations":[{"start":{"line":54,"column":4},"end":{"line":57,"column":null}},{"start":{},"end":{}}],"line":54}},"s":{"0":8,"1":8,"2":6,"3":3,"4":3,"5":3},"f":{"0":8,"1":6},"b":{"0":[8],"1":[8],"2":[3,3]},"meta":{"lastBranch":3,"lastFunction":2,"lastStatement":6,"seen":{"f:48:16:48:49":0,"b:48:100:48:104":0,"s:49:37:49:Infinity":0,"b:49:21:49:33":1,"s:52:2:62:Infinity":1,"f:52:9:52:10":1,"b:54:4:57:Infinity:undefined:undefined:undefined:undefined":2,"s:54:4:57:Infinity":2,"s:55:6:55:Infinity":3,"s:56:6:56:Infinity":4,"s:61:4:61:Infinity":5}}}
,"/home/arligle/oks/oksai.cc/libs/auth/nestjs-better-auth/src/middlewares.ts": {"path":"/home/arligle/oks/oksai.cc/libs/auth/nestjs-better-auth/src/middlewares.ts","statementMap":{"0":{"start":{"line":32,"column":22},"end":{"line":37,"column":null}},"1":{"start":{"line":33,"column":2},"end":{"line":35,"column":null}},"2":{"start":{"line":34,"column":4},"end":{"line":34,"column":null}},"3":{"start":{"line":36,"column":2},"end":{"line":36,"column":null}},"4":{"start":{"line":44,"column":66},"end":{"line":44,"column":null}},"5":{"start":{"line":46,"column":41},"end":{"line":46,"column":null}},"6":{"start":{"line":50,"column":2},"end":{"line":65,"column":null}},"7":{"start":{"line":52,"column":4},"end":{"line":55,"column":null}},"8":{"start":{"line":53,"column":6},"end":{"line":53,"column":null}},"9":{"start":{"line":54,"column":6},"end":{"line":54,"column":null}},"10":{"start":{"line":58,"column":4},"end":{"line":64,"column":null}},"11":{"start":{"line":59,"column":6},"end":{"line":62,"column":null}},"12":{"start":{"line":60,"column":8},"end":{"line":60,"column":null}},"13":{"start":{"line":61,"column":8},"end":{"line":61,"column":null}},"14":{"start":{"line":63,"column":6},"end":{"line":63,"column":null}}},"fnMap":{"0":{"name":"(anonymous_0)","decl":{"start":{"line":32,"column":22},"end":{"line":32,"column":23}},"loc":{"start":{"line":32,"column":109},"end":{"line":37,"column":null}},"line":32},"1":{"name":"SkipBodyParsingMiddleware","decl":{"start":{"line":43,"column":16},"end":{"line":43,"column":42}},"loc":{"start":{"line":43,"column":90},"end":{"line":66,"column":null}},"line":43},"2":{"name":"(anonymous_2)","decl":{"start":{"line":50,"column":9},"end":{"line":50,"column":10}},"loc":{"start":{"line":50,"column":68},"end":{"line":65,"column":null}},"line":50},"3":{"name":"(anonymous_3)","decl":{"start":{"line":58,"column":46},"end":{"line":58,"column":47}},"loc":{"start":{"line":58,"column":55},"end":{"line":64,"column":5}},"line":58}},"branchMap":{"0":{"loc":{"start":{"line":33,"column":2},"end":{"line":35,"column":null}},"type":"if","locations":[{"start":{"line":33,"column":2},"end":{"line":35,"column":null}},{"start":{},"end":{}}],"line":33},"1":{"loc":{"start":{"line":43,"column":42},"end":{"line":43,"column":90}},"type":"default-arg","locations":[{"start":{"line":43,"column":86},"end":{"line":43,"column":90}}],"line":43},"2":{"loc":{"start":{"line":44,"column":10},"end":{"line":44,"column":34}},"type":"default-arg","locations":[{"start":{"line":44,"column":21},"end":{"line":44,"column":34}}],"line":44},"3":{"loc":{"start":{"line":44,"column":34},"end":{"line":44,"column":62}},"type":"default-arg","locations":[{"start":{"line":44,"column":56},"end":{"line":44,"column":62}}],"line":44},"4":{"loc":{"start":{"line":46,"column":41},"end":{"line":46,"column":null}},"type":"cond-expr","locations":[{"start":{"line":46,"column":63},"end":{"line":46,"column":91}},{"start":{"line":46,"column":91},"end":{"line":46,"column":null}}],"line":46},"5":{"loc":{"start":{"line":52,"column":4},"end":{"line":55,"column":null}},"type":"if","locations":[{"start":{"line":52,"column":4},"end":{"line":55,"column":null}},{"start":{},"end":{}}],"line":52},"6":{"loc":{"start":{"line":59,"column":6},"end":{"line":62,"column":null}},"type":"if","locations":[{"start":{"line":59,"column":6},"end":{"line":62,"column":null}},{"start":{},"end":{}}],"line":59}},"s":{"0":4,"1":1,"2":1,"3":1,"4":12,"5":12,"6":12,"7":8,"8":3,"9":3,"10":5,"11":5,"12":1,"13":1,"14":4},"f":{"0":1,"1":12,"2":8,"3":5},"b":{"0":[1,0],"1":[12],"2":[12],"3":[12],"4":[1,11],"5":[3,5],"6":[1,4]},"meta":{"lastBranch":7,"lastFunction":4,"lastStatement":15,"seen":{"s:32:22:37:Infinity":0,"f:32:22:32:23":0,"b:33:2:35:Infinity:undefined:undefined:undefined:undefined":0,"s:33:2:35:Infinity":1,"s:34:4:34:Infinity":2,"s:36:2:36:Infinity":3,"f:43:16:43:42":1,"b:43:86:43:90":1,"s:44:66:44:Infinity":4,"b:44:21:44:34":2,"b:44:56:44:62":3,"s:46:41:46:Infinity":5,"b:46:63:46:91:46:91:46:Infinity":4,"s:50:2:65:Infinity":6,"f:50:9:50:10":2,"b:52:4:55:Infinity:undefined:undefined:undefined:undefined":5,"s:52:4:55:Infinity":7,"s:53:6:53:Infinity":8,"s:54:6:54:Infinity":9,"s:58:4:64:Infinity":10,"f:58:46:58:47":3,"b:59:6:62:Infinity:undefined:undefined:undefined:undefined":6,"s:59:6:62:Infinity":11,"s:60:8:60:Infinity":12,"s:61:8:61:Infinity":13,"s:63:6:63:Infinity":14}}}
,"/home/arligle/oks/oksai.cc/libs/auth/nestjs-better-auth/src/symbols.ts": {"path":"/home/arligle/oks/oksai.cc/libs/auth/nestjs-better-auth/src/symbols.ts","statementMap":{"0":{"start":{"line":1,"column":31},"end":{"line":1,"column":null}},"1":{"start":{"line":2,"column":30},"end":{"line":2,"column":null}},"2":{"start":{"line":3,"column":24},"end":{"line":3,"column":null}},"3":{"start":{"line":4,"column":39},"end":{"line":4,"column":null}}},"fnMap":{},"branchMap":{},"s":{"0":4,"1":4,"2":4,"3":4},"f":{},"b":{},"meta":{"lastBranch":0,"lastFunction":0,"lastStatement":4,"seen":{"s:1:31:1:Infinity":0,"s:2:30:2:Infinity":1,"s:3:24:3:Infinity":2,"s:4:39:4:Infinity":3}}}
,"/home/arligle/oks/oksai.cc/libs/auth/nestjs-better-auth/src/utils.ts": {"path":"/home/arligle/oks/oksai.cc/libs/auth/nestjs-better-auth/src/utils.ts","statementMap":{"0":{"start":{"line":7,"column":2},"end":{"line":9,"column":null}},"1":{"start":{"line":8,"column":4},"end":{"line":8,"column":null}},"2":{"start":{"line":10,"column":2},"end":{"line":10,"column":null}},"3":{"start":{"line":19,"column":22},"end":{"line":19,"column":null}},"4":{"start":{"line":20,"column":2},"end":{"line":22,"column":null}},"5":{"start":{"line":21,"column":4},"end":{"line":21,"column":null}},"6":{"start":{"line":24,"column":2},"end":{"line":26,"column":null}},"7":{"start":{"line":25,"column":4},"end":{"line":25,"column":null}},"8":{"start":{"line":28,"column":2},"end":{"line":28,"column":null}}},"fnMap":{"0":{"name":"getGqlExecutionContext","decl":{"start":{"line":6,"column":9},"end":{"line":6,"column":66}},"loc":{"start":{"line":6,"column":66},"end":{"line":11,"column":null}},"line":6},"1":{"name":"getRequestFromContext","decl":{"start":{"line":18,"column":16},"end":{"line":18,"column":38}},"loc":{"start":{"line":18,"column":65},"end":{"line":29,"column":null}},"line":18}},"branchMap":{"0":{"loc":{"start":{"line":7,"column":2},"end":{"line":9,"column":null}},"type":"if","locations":[{"start":{"line":7,"column":2},"end":{"line":9,"column":null}},{"start":{},"end":{}}],"line":7},"1":{"loc":{"start":{"line":20,"column":2},"end":{"line":22,"column":null}},"type":"if","locations":[{"start":{"line":20,"column":2},"end":{"line":22,"column":null}},{"start":{},"end":{}}],"line":20},"2":{"loc":{"start":{"line":24,"column":2},"end":{"line":26,"column":null}},"type":"if","locations":[{"start":{"line":24,"column":2},"end":{"line":26,"column":null}},{"start":{},"end":{}}],"line":24}},"s":{"0":2,"1":2,"2":0,"3":31,"4":31,"5":2,"6":29,"7":5,"8":24},"f":{"0":2,"1":31},"b":{"0":[2,0],"1":[2,29],"2":[5,24]},"meta":{"lastBranch":3,"lastFunction":2,"lastStatement":9,"seen":{"f:6:9:6:66":0,"b:7:2:9:Infinity:undefined:undefined:undefined:undefined":0,"s:7:2:9:Infinity":0,"s:8:4:8:Infinity":1,"s:10:2:10:Infinity":2,"f:18:16:18:38":1,"s:19:22:19:Infinity":3,"b:20:2:22:Infinity:undefined:undefined:undefined:undefined":1,"s:20:2:22:Infinity":4,"s:21:4:21:Infinity":5,"b:24:2:26:Infinity:undefined:undefined:undefined:undefined":2,"s:24:2:26:Infinity":6,"s:25:4:25:Infinity":7,"s:28:2:28:Infinity":8}}}
}
