TN:
SF:src/auth-guard.ts
FN:27,getGraphQLError
FN:67,getWsException
FN:85,(anonymous_6)
FN:92,(anonymous_7)
FN:101,(anonymous_8)
FN:115,(anonymous_9)
FN:131,(anonymous_10)
FN:135,(anonymous_11)
FN:141,(anonymous_12)
FN:142,(anonymous_13)
FN:152,(anonymous_14)
FN:166,(anonymous_15)
FN:234,(anonymous_16)
FN:241,(anonymous_17)
FN:245,(anonymous_18)
FN:257,(anonymous_19)
FN:291,(anonymous_20)
FN:307,(anonymous_21)
FNF:18
FNH:14
FNDA:2,getGraphQLError
FNDA:0,getWsException
FNDA:1,(anonymous_6)
FNDA:4,(anonymous_7)
FNDA:1,(anonymous_8)
FNDA:1,(anonymous_9)
FNDA:0,(anonymous_10)
FNDA:0,(anonymous_11)
FNDA:1,(anonymous_12)
FNDA:0,(anonymous_13)
FNDA:22,(anonymous_14)
FNDA:16,(anonymous_15)
FNDA:7,(anonymous_16)
FNDA:2,(anonymous_17)
FNDA:7,(anonymous_18)
FNDA:3,(anonymous_19)
FNDA:5,(anonymous_20)
FNDA:4,(anonymous_21)
DA:6,3
DA:12,3
DA:14,3
DA:15,3
DA:19,3
DA:28,2
DA:29,2
DA:30,2
DA:32,2
DA:37,0
DA:57,3
DA:68,0
DA:69,0
DA:70,0
DA:72,0
DA:77,0
DA:83,3
DA:86,1
DA:93,4
DA:102,1
DA:103,0
DA:104,0
DA:105,0
DA:106,0
DA:113,0
DA:116,1
DA:117,0
DA:118,0
DA:119,0
DA:120,0
DA:127,0
DA:132,0
DA:133,0
DA:136,0
DA:137,0
DA:141,1
DA:142,0
DA:151,3
DA:154,22
DA:156,22
DA:167,16
DA:168,16
DA:174,16
DA:175,16
DA:177,16
DA:182,16
DA:184,15
DA:189,15
DA:191,14
DA:192,14
DA:194,11
DA:199,11
DA:204,11
DA:205,5
DA:206,5
DA:210,9
DA:215,9
DA:216,4
DA:221,4
DA:224,6
DA:238,7
DA:240,7
DA:241,2
DA:244,6
DA:245,7
DA:248,0
DA:260,3
DA:263,3
DA:266,3
DA:267,3
DA:268,2
DA:272,0
DA:273,0
DA:274,0
DA:277,0
DA:280,1
DA:295,5
DA:312,4
DA:313,4
DA:314,1
DA:317,3
DA:318,3
DA:319,2
DA:323,1
DA:324,1
LF:85
LH:59
BRDA:28,0,0,2
BRDA:28,0,1,0
BRDA:68,1,0,0
BRDA:68,1,1,0
BRDA:87,2,0,1
BRDA:87,2,1,1
BRDA:94,3,0,4
BRDA:94,3,1,4
BRDA:103,4,0,0
BRDA:103,4,1,0
BRDA:105,5,0,0
BRDA:105,5,1,0
BRDA:108,6,0,0
BRDA:108,6,1,0
BRDA:117,7,0,0
BRDA:117,7,1,0
BRDA:119,8,0,0
BRDA:119,8,1,0
BRDA:122,9,0,0
BRDA:122,9,1,0
BRDA:133,10,0,0
BRDA:133,10,1,0
BRDA:137,11,0,0
BRDA:137,11,1,0
BRDA:170,12,0,16
BRDA:170,12,1,1
BRDA:170,12,2,0
BRDA:175,13,0,16
BRDA:175,13,1,5
BRDA:182,14,0,1
BRDA:182,14,1,15
BRDA:189,15,0,1
BRDA:189,15,1,14
BRDA:189,16,0,15
BRDA:189,16,1,4
BRDA:192,17,0,3
BRDA:192,17,1,11
BRDA:195,18,0,11
BRDA:195,18,1,1
BRDA:195,18,2,0
BRDA:204,19,0,5
BRDA:204,19,1,6
BRDA:204,20,0,11
BRDA:204,20,1,5
BRDA:206,21,0,2
BRDA:206,21,1,3
BRDA:215,22,0,4
BRDA:215,22,1,5
BRDA:215,23,0,9
BRDA:215,23,1,4
BRDA:221,24,0,3
BRDA:221,24,1,1
BRDA:238,25,0,0
BRDA:238,25,1,7
BRDA:240,26,0,1
BRDA:240,26,1,6
BRDA:244,27,0,6
BRDA:244,27,1,0
BRDA:266,28,0,3
BRDA:266,28,1,0
BRDA:272,29,0,0
BRDA:272,29,1,0
BRDA:313,30,0,1
BRDA:313,30,1,3
BRDA:154,31,0,3
BRDA:154,31,1,0
BRDA:154,32,0,3
BRDA:154,32,1,3
BRF:68
BRH:41
end_of_record
TN:
SF:src/auth-module-definition.ts
FN:38,(anonymous_0)
FNF:1
FNH:1
FNDA:29,(anonymous_0)
DA:1,4
DA:25,4
DA:27,4
DA:39,29
LF:4
LH:4
BRF:0
BRH:0
end_of_record
TN:
SF:src/auth-module.ts
FN:62,(anonymous_4)
FN:84,(anonymous_5)
FN:88,(anonymous_6)
FN:113,(anonymous_7)
FN:147,(anonymous_8)
FN:149,(anonymous_9)
FN:157,(anonymous_10)
FN:171,(anonymous_11)
FN:184,(anonymous_12)
FN:218,(anonymous_13)
FN:254,(anonymous_14)
FNF:11
FNH:3
FNDA:29,(anonymous_4)
FNDA:0,(anonymous_5)
FNDA:0,(anonymous_6)
FNDA:0,(anonymous_7)
FNDA:0,(anonymous_8)
FNDA:0,(anonymous_9)
FNDA:0,(anonymous_10)
FNDA:0,(anonymous_11)
FNDA:3,(anonymous_12)
FNDA:26,(anonymous_13)
FNDA:0,(anonymous_14)
DA:1,2
DA:13,2
DA:20,2
DA:21,2
DA:23,2
DA:30,2
DA:31,2
DA:32,2
DA:33,2
DA:35,2
DA:36,2
DA:38,2
DA:55,2
DA:59,29
DA:64,29
DA:67,29
DA:70,29
DA:72,29
DA:74,29
DA:79,29
DA:85,0
DA:88,0
DA:91,0
DA:93,0
DA:95,0
DA:96,0
DA:100,0
DA:102,0
DA:103,0
DA:104,0
DA:106,0
DA:107,0
DA:108,0
DA:114,0
DA:117,0
DA:119,0
DA:120,0
DA:125,0
DA:130,0
DA:134,0
DA:135,0
DA:145,0
DA:146,0
DA:148,0
DA:149,0
DA:151,0
DA:154,0
DA:161,0
DA:163,0
DA:164,0
DA:165,0
DA:167,0
DA:169,0
DA:170,0
DA:172,0
DA:173,0
DA:176,0
DA:178,0
DA:185,3
DA:186,3
DA:188,3
DA:223,26
DA:227,26
DA:228,26
DA:230,26
DA:255,0
LF:66
LH:27
BRDA:80,0,0,29
BRDA:80,0,1,0
BRDA:88,1,0,0
BRDA:88,1,1,0
BRDA:95,2,0,0
BRDA:95,2,1,0
BRDA:95,3,0,0
BRDA:95,3,1,0
BRDA:100,4,0,0
BRDA:100,4,1,0
BRDA:100,5,0,0
BRDA:100,5,1,0
BRDA:117,6,0,0
BRDA:117,6,1,0
BRDA:119,7,0,0
BRDA:119,7,1,0
BRDA:119,8,0,0
BRDA:119,8,1,0
BRDA:119,8,2,0
BRDA:125,9,0,0
BRDA:125,9,1,0
BRDA:126,10,0,0
BRDA:126,10,1,0
BRDA:126,10,2,0
BRDA:134,11,0,0
BRDA:134,11,1,0
BRDA:148,12,0,0
BRDA:148,12,1,0
BRDA:161,13,0,0
BRDA:161,13,1,0
BRDA:165,14,0,0
BRDA:165,14,1,0
BRDA:172,15,0,0
BRDA:172,15,1,0
BRDA:176,16,0,0
BRDA:176,16,1,0
BRDA:176,17,0,0
BRDA:176,17,1,0
BRDA:190,18,0,0
BRDA:190,18,1,3
BRDA:193,19,0,0
BRDA:193,19,1,3
BRDA:197,20,0,3
BRDA:197,20,1,0
BRDA:198,21,0,3
BRDA:198,21,1,0
BRDA:223,22,0,26
BRDA:223,22,1,0
BRDA:223,23,0,26
BRDA:223,23,1,26
BRDA:223,23,2,26
BRDA:225,24,0,0
BRDA:225,24,1,0
BRDA:232,25,0,2
BRDA:232,25,1,24
BRDA:235,26,0,2
BRDA:235,26,1,24
BRDA:239,27,0,26
BRDA:239,27,1,0
BRDA:240,28,0,3
BRDA:240,28,1,23
BRDA:64,29,0,2
BRDA:64,29,1,0
BRDA:64,30,0,2
BRDA:64,30,1,2
BRF:65
BRH:19
end_of_record
TN:
SF:src/auth-service.ts
FN:13,(anonymous_4)
FN:21,(anonymous_5)
FN:29,(anonymous_6)
FNF:3
FNH:3
FNDA:35,(anonymous_4)
FNDA:7,(anonymous_5)
FNDA:3,(anonymous_6)
DA:1,3
DA:3,3
DA:12,3
DA:15,35
DA:22,7
DA:30,3
LF:6
LH:6
BRF:0
BRH:0
end_of_record
TN:
SF:src/decorators.ts
FN:11,(anonymous_0)
FN:19,(anonymous_1)
FN:35,(anonymous_2)
FN:51,(anonymous_3)
FN:70,(anonymous_4)
FN:86,(anonymous_5)
FN:93,(anonymous_6)
FN:100,(anonymous_7)
FNF:8
FNH:7
FNDA:2,(anonymous_0)
FNDA:2,(anonymous_1)
FNDA:2,(anonymous_2)
FNDA:1,(anonymous_3)
FNDA:0,(anonymous_4)
FNDA:3,(anonymous_5)
FNDA:2,(anonymous_6)
FNDA:2,(anonymous_7)
DA:1,2
DA:4,2
DA:5,2
DA:11,2
DA:12,2
DA:19,2
DA:20,2
DA:35,2
DA:36,2
DA:51,2
DA:52,1
DA:57,2
DA:62,2
DA:69,2
DA:71,0
DA:72,0
DA:86,2
DA:87,3
DA:93,2
DA:94,2
DA:100,2
LF:21
LH:19
BRF:0
BRH:0
end_of_record
TN:
SF:src/middlewares.ts
FN:32,(anonymous_9)
FN:47,SkipBodyParsingMiddleware
FN:58,(anonymous_11)
FN:66,(anonymous_12)
FNF:4
FNH:3
FNDA:0,(anonymous_9)
FNDA:12,SkipBodyParsingMiddleware
FNDA:6,(anonymous_11)
FNDA:3,(anonymous_12)
DA:3,3
DA:32,3
DA:37,0
DA:38,0
DA:40,0
DA:47,3
DA:50,12
DA:52,12
DA:58,12
DA:60,6
DA:61,3
DA:62,3
DA:66,3
DA:67,3
DA:68,0
DA:69,0
DA:71,3
LF:17
LH:12
BRDA:37,0,0,0
BRDA:37,0,1,0
BRDA:48,1,0,5
BRDA:50,2,0,8
BRDA:50,3,0,10
BRDA:52,4,0,1
BRDA:52,4,1,11
BRDA:60,5,0,3
BRDA:60,5,1,3
BRDA:67,6,0,0
BRDA:67,6,1,3
BRF:11
BRH:8
end_of_record
TN:
SF:src/symbols.ts
FNF:0
FNH:0
DA:1,3
DA:2,3
DA:3,3
DA:4,3
LF:4
LH:4
BRF:0
BRH:0
end_of_record
TN:
SF:src/utils.ts
FN:6,getGqlExecutionContext
FN:18,getRequestFromContext
FNF:2
FNH:2
FNDA:4,getGqlExecutionContext
FNDA:24,getRequestFromContext
DA:7,4
DA:8,2
DA:10,4
DA:18,5
DA:19,24
DA:20,24
DA:21,4
DA:24,20
DA:25,3
DA:28,17
LF:10
LH:10
BRDA:7,0,0,2
BRDA:7,0,1,2
BRDA:20,1,0,4
BRDA:20,1,1,20
BRDA:24,2,0,3
BRDA:24,2,1,17
BRF:6
BRH:6
end_of_record
