TN:
SF:src/auth-guard.ts
FN:15,getGraphQLError
FN:51,getWsException
FN:69,(anonymous_2)
FN:76,(anonymous_3)
FN:85,(anonymous_4)
FN:99,(anonymous_5)
FN:115,(anonymous_6)
FN:119,(anonymous_7)
FN:125,(anonymous_8)
FN:126,(anonymous_9)
FN:136,(anonymous_10)
FN:150,(anonymous_11)
FN:210,(anonymous_12)
FN:214,(anonymous_13)
FN:218,(anonymous_14)
FN:230,(anonymous_15)
FN:257,(anonymous_16)
FN:270,(anonymous_17)
FNF:18
FNH:15
FNDA:0,getGraphQLError
FNDA:2,getWsException
FNDA:1,(anonymous_2)
FNDA:5,(anonymous_3)
FNDA:0,(anonymous_4)
FNDA:0,(anonymous_5)
FNDA:1,(anonymous_6)
FNDA:1,(anonymous_7)
FNDA:1,(anonymous_8)
FNDA:1,(anonymous_9)
FNDA:34,(anonymous_10)
FNDA:25,(anonymous_11)
FNDA:11,(anonymous_12)
FNDA:4,(anonymous_13)
FNDA:10,(anonymous_14)
FNDA:3,(anonymous_15)
FNDA:9,(anonymous_16)
FNDA:4,(anonymous_17)
DA:16,0
DA:17,0
DA:18,0
DA:20,0
DA:23,0
DA:41,4
DA:52,2
DA:53,1
DA:54,1
DA:56,0
DA:61,2
DA:67,4
DA:70,1
DA:77,5
DA:86,0
DA:87,0
DA:88,0
DA:89,0
DA:90,0
DA:97,0
DA:100,0
DA:101,0
DA:102,0
DA:103,0
DA:104,0
DA:111,0
DA:116,1
DA:117,1
DA:120,1
DA:121,1
DA:125,1
DA:126,1
DA:135,4
DA:138,34
DA:140,34
DA:151,25
DA:152,25
DA:156,23
DA:157,23
DA:159,25
DA:164,25
DA:166,22
DA:171,22
DA:173,20
DA:174,20
DA:176,17
DA:179,25
DA:184,25
DA:185,9
DA:186,9
DA:190,13
DA:195,13
DA:196,4
DA:197,4
DA:200,10
DA:211,11
DA:213,10
DA:214,4
DA:217,8
DA:218,10
DA:221,0
DA:233,3
DA:236,3
DA:237,3
DA:238,2
DA:242,0
DA:243,0
DA:244,0
DA:247,0
DA:258,9
DA:275,4
DA:276,4
DA:277,1
DA:280,3
DA:281,3
DA:282,2
DA:286,1
DA:287,1
LF:78
LH:55
BRDA:16,0,0,0
BRDA:16,0,1,0
BRDA:52,1,0,1
BRDA:52,1,1,1
BRDA:71,2,0,1
BRDA:71,2,1,1
BRDA:78,3,0,5
BRDA:78,3,1,5
BRDA:87,4,0,0
BRDA:87,4,1,0
BRDA:89,5,0,0
BRDA:89,5,1,0
BRDA:92,6,0,0
BRDA:92,6,1,0
BRDA:101,7,0,0
BRDA:101,7,1,0
BRDA:103,8,0,0
BRDA:103,8,1,0
BRDA:106,9,0,0
BRDA:106,9,1,0
BRDA:117,10,0,1
BRDA:117,10,1,1
BRDA:121,11,0,1
BRDA:121,11,1,1
BRDA:153,12,0,25
BRDA:153,12,1,4
BRDA:153,12,2,1
BRDA:157,13,0,23
BRDA:157,13,1,6
BRDA:164,14,0,1
BRDA:164,14,1,24
BRDA:171,15,0,2
BRDA:171,15,1,20
BRDA:171,16,0,22
BRDA:171,16,1,5
BRDA:174,17,0,3
BRDA:174,17,1,17
BRDA:176,18,0,17
BRDA:176,18,1,3
BRDA:176,18,2,1
BRDA:184,19,0,9
BRDA:184,19,1,16
BRDA:184,20,0,25
BRDA:184,20,1,9
BRDA:186,21,0,4
BRDA:186,21,1,5
BRDA:195,22,0,4
BRDA:195,22,1,9
BRDA:195,23,0,13
BRDA:195,23,1,4
BRDA:197,24,0,3
BRDA:197,24,1,1
BRDA:211,25,0,1
BRDA:211,25,1,10
BRDA:213,26,0,2
BRDA:213,26,1,8
BRDA:217,27,0,8
BRDA:217,27,1,0
BRDA:236,28,0,3
BRDA:236,28,1,0
BRDA:242,29,0,0
BRDA:242,29,1,0
BRDA:276,30,0,1
BRDA:276,30,1,3
BRF:64
BRH:46
end_of_record
TN:
SF:src/auth-module-definition.ts
FN:50,(anonymous_0)
FNF:1
FNH:1
FNDA:60,(anonymous_0)
DA:37,5
DA:40,5
DA:50,60
LF:3
LH:3
BRF:0
BRH:0
end_of_record
TN:
SF:src/auth-module.ts
FN:50,(anonymous_0)
FN:70,(anonymous_1)
FN:73,(anonymous_2)
FN:96,(anonymous_3)
FN:139,(anonymous_4)
FN:141,(anonymous_5)
FN:155,(anonymous_6)
FN:171,(anonymous_7)
FN:184,(anonymous_8)
FN:196,(anonymous_9)
FN:226,(anonymous_10)
FN:258,(anonymous_11)
FNF:12
FNH:6
FNDA:3,(anonymous_0)
FNDA:1,(anonymous_1)
FNDA:26,(anonymous_2)
FNDA:0,(anonymous_3)
FNDA:0,(anonymous_4)
FNDA:0,(anonymous_5)
FNDA:0,(anonymous_6)
FNDA:0,(anonymous_7)
FNDA:0,(anonymous_8)
FNDA:3,(anonymous_9)
FNDA:3,(anonymous_10)
FNDA:1,(anonymous_11)
DA:29,3
DA:46,3
DA:47,3
DA:52,3
DA:55,3
DA:58,3
DA:60,3
DA:62,3
DA:67,3
DA:71,1
DA:73,26
DA:75,1
DA:76,1
DA:78,1
DA:79,0
DA:83,1
DA:85,1
DA:86,0
DA:87,0
DA:89,0
DA:90,0
DA:91,0
DA:97,0
DA:100,0
DA:102,0
DA:103,0
DA:108,0
DA:109,0
DA:113,0
DA:114,0
DA:117,0
DA:118,0
DA:126,0
DA:137,0
DA:138,0
DA:140,0
DA:141,0
DA:143,0
DA:146,0
DA:157,0
DA:158,0
DA:159,0
DA:163,0
DA:164,0
DA:165,0
DA:168,0
DA:175,0
DA:177,0
DA:178,0
DA:179,0
DA:181,0
DA:183,0
DA:184,0
DA:185,0
DA:186,0
DA:189,0
DA:191,0
DA:197,6
DA:198,6
DA:200,6
DA:228,54
DA:232,54
DA:233,54
DA:235,54
DA:259,1
LF:65
LH:24
BRDA:67,0,0,3
BRDA:67,0,1,0
BRDA:73,1,0,26
BRDA:73,1,1,21
BRDA:78,2,0,0
BRDA:78,2,1,1
BRDA:78,3,0,1
BRDA:78,3,1,0
BRDA:83,4,0,0
BRDA:83,4,1,1
BRDA:83,5,0,1
BRDA:83,5,1,1
BRDA:100,6,0,0
BRDA:100,6,1,0
BRDA:102,7,0,0
BRDA:102,7,1,0
BRDA:102,8,0,0
BRDA:102,8,1,0
BRDA:102,8,2,0
BRDA:108,9,0,0
BRDA:108,9,1,0
BRDA:108,10,0,0
BRDA:108,10,1,0
BRDA:108,10,2,0
BRDA:113,11,0,0
BRDA:113,11,1,0
BRDA:114,12,0,0
BRDA:114,12,1,0
BRDA:117,13,0,0
BRDA:117,13,1,0
BRDA:140,14,0,0
BRDA:140,14,1,0
BRDA:147,15,0,0
BRDA:147,15,1,0
BRDA:158,16,0,0
BRDA:158,16,1,0
BRDA:163,17,0,0
BRDA:163,17,1,0
BRDA:164,18,0,0
BRDA:164,18,1,0
BRDA:175,19,0,0
BRDA:175,19,1,0
BRDA:179,20,0,0
BRDA:179,20,1,0
BRDA:185,21,0,0
BRDA:185,21,1,0
BRDA:189,22,0,0
BRDA:189,22,1,0
BRDA:189,23,0,0
BRDA:189,23,1,0
BRDA:202,24,0,0
BRDA:202,24,1,6
BRDA:203,25,0,0
BRDA:203,25,1,6
BRDA:207,26,0,6
BRDA:207,26,1,0
BRDA:208,27,0,6
BRDA:208,27,1,0
BRDA:228,28,0,54
BRDA:228,28,1,0
BRDA:228,29,0,54
BRDA:228,29,1,54
BRDA:228,29,2,54
BRDA:230,30,0,0
BRDA:230,30,1,0
BRDA:237,31,0,3
BRDA:237,31,1,51
BRDA:238,32,0,3
BRDA:238,32,1,51
BRDA:242,33,0,54
BRDA:242,33,1,0
BRDA:243,34,0,3
BRDA:243,34,1,51
BRF:73
BRH:23
end_of_record
TN:
SF:src/auth-service.ts
FN:10,(anonymous_0)
FN:18,(anonymous_1)
FN:26,(anonymous_2)
FNF:3
FNH:3
FNDA:66,(anonymous_0)
FNDA:7,(anonymous_1)
FNDA:3,(anonymous_2)
DA:9,4
DA:12,66
DA:19,7
DA:27,3
LF:4
LH:4
BRF:0
BRH:0
end_of_record
TN:
SF:src/decorators.ts
FN:11,(anonymous_0)
FN:18,(anonymous_1)
FN:33,(anonymous_2)
FN:48,(anonymous_3)
FN:66,(anonymous_4)
FN:91,(anonymous_5)
FN:108,(anonymous_6)
FN:125,(anonymous_7)
FN:142,(anonymous_8)
FN:159,(anonymous_9)
FN:175,(anonymous_10)
FN:182,(anonymous_11)
FN:188,(anonymous_12)
FNF:13
FNH:12
FNDA:2,(anonymous_0)
FNDA:2,(anonymous_1)
FNDA:4,(anonymous_2)
FNDA:4,(anonymous_3)
FNDA:0,(anonymous_4)
FNDA:1,(anonymous_5)
FNDA:1,(anonymous_6)
FNDA:1,(anonymous_7)
FNDA:1,(anonymous_8)
FNDA:1,(anonymous_9)
FNDA:12,(anonymous_10)
FNDA:6,(anonymous_11)
FNDA:12,(anonymous_12)
DA:11,2
DA:18,2
DA:33,4
DA:48,4
DA:53,3
DA:58,3
DA:65,3
DA:67,0
DA:68,0
DA:91,3
DA:108,3
DA:125,3
DA:142,3
DA:159,3
DA:175,12
DA:182,6
DA:188,12
LF:17
LH:15
BRF:0
BRH:0
end_of_record
TN:
SF:src/middlewares-fastify.ts
FN:48,SkipBodyParsingMiddlewareFastify
FN:52,(anonymous_1)
FNF:2
FNH:2
FNDA:8,SkipBodyParsingMiddlewareFastify
FNDA:6,(anonymous_1)
DA:49,8
DA:52,8
DA:54,6
DA:55,3
DA:56,3
DA:61,3
LF:6
LH:6
BRDA:48,0,0,8
BRDA:49,1,0,8
BRDA:54,2,0,3
BRDA:54,2,1,3
BRF:4
BRH:4
end_of_record
TN:
SF:src/middlewares.ts
FN:32,(anonymous_0)
FN:43,SkipBodyParsingMiddleware
FN:50,(anonymous_2)
FN:58,(anonymous_3)
FNF:4
FNH:4
FNDA:1,(anonymous_0)
FNDA:12,SkipBodyParsingMiddleware
FNDA:8,(anonymous_2)
FNDA:5,(anonymous_3)
DA:32,4
DA:33,1
DA:34,1
DA:36,1
DA:44,12
DA:46,12
DA:50,12
DA:52,8
DA:53,3
DA:54,3
DA:58,5
DA:59,5
DA:60,1
DA:61,1
DA:63,4
LF:15
LH:15
BRDA:33,0,0,1
BRDA:33,0,1,0
BRDA:43,1,0,12
BRDA:44,2,0,12
BRDA:44,3,0,12
BRDA:46,4,0,1
BRDA:46,4,1,11
BRDA:52,5,0,3
BRDA:52,5,1,5
BRDA:59,6,0,1
BRDA:59,6,1,4
BRF:11
BRH:10
end_of_record
TN:
SF:src/symbols.ts
FNF:0
FNH:0
DA:1,4
DA:2,4
DA:3,4
DA:4,4
LF:4
LH:4
BRF:0
BRH:0
end_of_record
TN:
SF:src/utils.ts
FN:6,getGqlExecutionContext
FN:18,getRequestFromContext
FNF:2
FNH:2
FNDA:2,getGqlExecutionContext
FNDA:31,getRequestFromContext
DA:7,2
DA:8,2
DA:10,0
DA:19,31
DA:20,31
DA:21,2
DA:24,29
DA:25,5
DA:28,24
LF:9
LH:8
BRDA:7,0,0,2
BRDA:7,0,1,0
BRDA:20,1,0,2
BRDA:20,1,1,29
BRDA:24,2,0,5
BRDA:24,2,1,24
BRF:6
BRH:5
end_of_record
